Build started 20.02.2019 15:34:56.
     1>Project "C:\Users\Denis Rodrigez\documents\visual studio 2013\Projects\tcp_client\tcp_client\tcp_client.vcxproj" on node 2 (Build target(s)).
     1>ClCompile:
         C:\Program Files (x86)\Microsoft Visual Studio 12.0\VC\bin\CL.exe /c /I"C:\Program Files (x86)\Microsoft Visual Studio 11.0\VC\include" /ZI /nologo /W3 /WX- /Od /Oy- /D WIN32 /D _DEBUG /D _CONSOLE /D _LIB /D _ALLOW_MSC_VER_MISMATCH /D _USING_V110_SDK71_ /D _UNICODE /D UNICODE /Gm /EHsc /RTC1 /MDd /GS /fp:precise /Zc:wchar_t /Zc:forScope /Yu"stdafx.h" /Fp"Debug\tcp_client.pch" /Fo"Debug\\" /Fd"Debug\vc120.pdb" /Gd /TP /analyze- /errorReport:prompt tcp_client.cpp
         tcp_client.cpp
     1>c:\users\denis rodrigez\documents\visual studio 2013\projects\tcp_client\tcp_client\tcp_client.cpp(44): warning C4996: 'gets': This function or variable may be unsafe. Consider using gets_s instead. To disable deprecation, use _CRT_SECURE_NO_WARNINGS. See online help for details.
                 c:\program files (x86)\microsoft visual studio 11.0\vc\include\stdio.h(261) : see declaration of 'gets'
     1>c:\users\denis rodrigez\documents\visual studio 2013\projects\tcp_client\tcp_client\tcp_client.cpp(50): warning C4996: 'strcat': This function or variable may be unsafe. Consider using strcat_s instead. To disable deprecation, use _CRT_SECURE_NO_WARNINGS. See online help for details.
                 c:\program files (x86)\microsoft visual studio 11.0\vc\include\string.h(115) : see declaration of 'strcat'
     1>c:\users\denis rodrigez\documents\visual studio 2013\projects\tcp_client\tcp_client\tcp_client.cpp(51): warning C4996: 'strcat': This function or variable may be unsafe. Consider using strcat_s instead. To disable deprecation, use _CRT_SECURE_NO_WARNINGS. See online help for details.
                 c:\program files (x86)\microsoft visual studio 11.0\vc\include\string.h(115) : see declaration of 'strcat'
     1>c:\users\denis rodrigez\documents\visual studio 2013\projects\tcp_client\tcp_client\tcp_client.cpp(52): warning C4996: 'strcat': This function or variable may be unsafe. Consider using strcat_s instead. To disable deprecation, use _CRT_SECURE_NO_WARNINGS. See online help for details.
                 c:\program files (x86)\microsoft visual studio 11.0\vc\include\string.h(115) : see declaration of 'strcat'
     1>c:\users\denis rodrigez\documents\visual studio 2013\projects\tcp_client\tcp_client\tcp_client.cpp(80): warning C4996: 'strcpy': This function or variable may be unsafe. Consider using strcpy_s instead. To disable deprecation, use _CRT_SECURE_NO_WARNINGS. See online help for details.
                 c:\program files (x86)\microsoft visual studio 11.0\vc\include\string.h(110) : see declaration of 'strcpy'
     1>c:\users\denis rodrigez\documents\visual studio 2013\projects\tcp_client\tcp_client\tcp_client.cpp(81): warning C4996: 'strcpy': This function or variable may be unsafe. Consider using strcpy_s instead. To disable deprecation, use _CRT_SECURE_NO_WARNINGS. See online help for details.
                 c:\program files (x86)\microsoft visual studio 11.0\vc\include\string.h(110) : see declaration of 'strcpy'
     1>c:\users\denis rodrigez\documents\visual studio 2013\projects\tcp_client\tcp_client\tcp_client.cpp(96): warning C4996: 'gets': This function or variable may be unsafe. Consider using gets_s instead. To disable deprecation, use _CRT_SECURE_NO_WARNINGS. See online help for details.
                 c:\program files (x86)\microsoft visual studio 11.0\vc\include\stdio.h(261) : see declaration of 'gets'
     1>c:\users\denis rodrigez\documents\visual studio 2013\projects\tcp_client\tcp_client\tcp_client.cpp(99): warning C4996: 'gets': This function or variable may be unsafe. Consider using gets_s instead. To disable deprecation, use _CRT_SECURE_NO_WARNINGS. See online help for details.
                 c:\program files (x86)\microsoft visual studio 11.0\vc\include\stdio.h(261) : see declaration of 'gets'
     1>c:\users\denis rodrigez\documents\visual studio 2013\projects\tcp_client\tcp_client\tcp_client.cpp(116): warning C4996: 'gets': This function or variable may be unsafe. Consider using gets_s instead. To disable deprecation, use _CRT_SECURE_NO_WARNINGS. See online help for details.
                 c:\program files (x86)\microsoft visual studio 11.0\vc\include\stdio.h(261) : see declaration of 'gets'
     1>c:\users\denis rodrigez\documents\visual studio 2013\projects\tcp_client\tcp_client\tcp_client.cpp(182): warning C4996: 'strcat': This function or variable may be unsafe. Consider using strcat_s instead. To disable deprecation, use _CRT_SECURE_NO_WARNINGS. See online help for details.
                 c:\program files (x86)\microsoft visual studio 11.0\vc\include\string.h(115) : see declaration of 'strcat'
     1>c:\users\denis rodrigez\documents\visual studio 2013\projects\tcp_client\tcp_client\tcp_client.cpp(183): warning C4996: 'strcat': This function or variable may be unsafe. Consider using strcat_s instead. To disable deprecation, use _CRT_SECURE_NO_WARNINGS. See online help for details.
                 c:\program files (x86)\microsoft visual studio 11.0\vc\include\string.h(115) : see declaration of 'strcat'
     1>c:\users\denis rodrigez\documents\visual studio 2013\projects\tcp_client\tcp_client\tcp_client.cpp(184): warning C4996: 'strcat': This function or variable may be unsafe. Consider using strcat_s instead. To disable deprecation, use _CRT_SECURE_NO_WARNINGS. See online help for details.
                 c:\program files (x86)\microsoft visual studio 11.0\vc\include\string.h(115) : see declaration of 'strcat'
     1>c:\program files (x86)\microsoft visual studio 11.0\vc\include\xutility(2761): warning C4996: 'std::_Fill_n': Function call with parameters that may be unsafe - this call relies on the caller to check that the passed values are correct. To disable this warning, use -D_SCL_SECURE_NO_WARNINGS. See documentation on how to use Visual C++ 'Checked Iterators'
                 c:\program files (x86)\microsoft visual studio 11.0\vc\include\xutility(2747) : see declaration of 'std::_Fill_n'
                 c:\users\denis rodrigez\documents\visual studio 2013\projects\tcp_client\tcp_client\tcp_client.cpp(25) : see reference to function template instantiation '_OutIt std::fill_n<char*,int,int>(_OutIt,_Diff,const _Ty &)' being compiled
                 with
                 [
                     _OutIt=char *
         ,            _Diff=int
         ,            _Ty=int
                 ]
       Link:
         C:\Program Files (x86)\Microsoft Visual Studio 12.0\VC\bin\link.exe /ERRORREPORT:PROMPT /OUT:"C:\Users\Denis Rodrigez\documents\visual studio 2013\Projects\tcp_client\Debug\tcp_client.exe" /INCREMENTAL /NOLOGO /LIBPATH:"C:\Program Files (x86)\Microsoft Visual Studio 11.0\VC\lib" /LIBPATH:"C:\Program Files (x86)\Microsoft Visual Studio 12.0\VC\lib" kernel32.lib user32.lib gdi32.lib winspool.lib comdlg32.lib advapi32.lib shell32.lib ole32.lib oleaut32.lib uuid.lib odbc32.lib odbccp32.lib /MANIFEST /MANIFESTUAC:"level='asInvoker' uiAccess='false'" /manifest:embed /DEBUG /PDB:"C:\Users\Denis Rodrigez\documents\visual studio 2013\Projects\tcp_client\Debug\tcp_client.pdb" /SUBSYSTEM:CONSOLE,"5.01" /TLBID:1 /DYNAMICBASE /NXCOMPAT /IMPLIB:"C:\Users\Denis Rodrigez\documents\visual studio 2013\Projects\tcp_client\Debug\tcp_client.lib" /MACHINE:X86 Debug\stdafx.obj
         Debug\tcp_client.obj
         tcp_client.vcxproj -> C:\Users\Denis Rodrigez\documents\visual studio 2013\Projects\tcp_client\Debug\tcp_client.exe
     1>Done Building Project "C:\Users\Denis Rodrigez\documents\visual studio 2013\Projects\tcp_client\tcp_client\tcp_client.vcxproj" (Build target(s)).

Build succeeded.

Time Elapsed 00:00:01.15
